2020.08.10 01:18 B C:\Users\Glaucio\Desktop\Santader_Coders\Modulo_1\Aula06\images\as17-147-22526a.jpg --> quecoimpressoes.medianewsonline.com /quecoimpressoes.medianewsonline.com/images as17-147-22526a.jpg
2020.08.10 01:18 B C:\Users\Glaucio\Desktop\Santader_Coders\Modulo_1\Aula06\images\Atlantis.jpg --> quecoimpressoes.medianewsonline.com /quecoimpressoes.medianewsonline.com/images Atlantis.jpg
2020.08.10 01:18 B C:\Users\Glaucio\Desktop\Santader_Coders\Modulo_1\Aula06\images\atlantishangar.jpg --> quecoimpressoes.medianewsonline.com /quecoimpressoes.medianewsonline.com/images atlantishangar.jpg
2020.08.10 01:18 B C:\Users\Glaucio\Desktop\Santader_Coders\Modulo_1\Aula06\images\AtlantisOrbital.jpg --> quecoimpressoes.medianewsonline.com /quecoimpressoes.medianewsonline.com/images AtlantisOrbital.jpg
2020.08.10 01:20 B C:\Users\Glaucio\Desktop\Santader_Coders\Modulo_1\Aula06\images\banner-1.png --> quecoimpressoes.medianewsonline.com /quecoimpressoes.medianewsonline.com/images banner-1.png
2020.08.10 01:20 B C:\Users\Glaucio\Desktop\Santader_Coders\Modulo_1\Aula06\images\banner-2.png --> quecoimpressoes.medianewsonline.com /quecoimpressoes.medianewsonline.com/images banner-2.png
2020.08.10 01:21 B C:\Users\Glaucio\Desktop\Santader_Coders\Modulo_1\Aula06\images\banner-3.png --> quecoimpressoes.medianewsonline.com /quecoimpressoes.medianewsonline.com/images banner-3.png
2020.08.10 01:21 B C:\Users\Glaucio\Desktop\Santader_Coders\Modulo_1\Aula06\images\banner-site-logo.png --> quecoimpressoes.medianewsonline.com /quecoimpressoes.medianewsonline.com/images banner-site-logo.png
2020.08.10 01:21 B C:\Users\Glaucio\Desktop\Santader_Coders\Modulo_1\Aula06\images\bg-ripples.png --> quecoimpressoes.medianewsonline.com /quecoimpressoes.medianewsonline.com/images bg-ripples.png
2020.08.10 01:21 B C:\Users\Glaucio\Desktop\Santader_Coders\Modulo_1\Aula06\images\dentromodulo.jpg --> quecoimpressoes.medianewsonline.com /quecoimpressoes.medianewsonline.com/images dentromodulo.jpg
2020.08.10 01:21 B C:\Users\Glaucio\Desktop\Santader_Coders\Modulo_1\Aula06\images\Heroes_Legends.jpg --> quecoimpressoes.medianewsonline.com /quecoimpressoes.medianewsonline.com/images Heroes_Legends.jpg
2020.08.10 01:22 B C:\Users\Glaucio\Desktop\Santader_Coders\Modulo_1\Aula06\images\kenndjet.jpg --> quecoimpressoes.medianewsonline.com /quecoimpressoes.medianewsonline.com/images kenndjet.jpg
2020.08.10 01:22 B C:\Users\Glaucio\Desktop\Santader_Coders\Modulo_1\Aula06\images\lancar.jpg --> quecoimpressoes.medianewsonline.com /quecoimpressoes.medianewsonline.com/images lancar.jpg
2020.08.10 01:22 B C:\Users\Glaucio\Desktop\Santader_Coders\Modulo_1\Aula06\images\MarsRover.jpg --> quecoimpressoes.medianewsonline.com /quecoimpressoes.medianewsonline.com/images MarsRover.jpg
2020.08.10 01:22 B C:\Users\Glaucio\Desktop\Santader_Coders\Modulo_1\Aula06\images\nasa-logo.png --> quecoimpressoes.medianewsonline.com /quecoimpressoes.medianewsonline.com/images nasa-logo.png
2020.08.10 01:23 B C:\Users\Glaucio\Desktop\Santader_Coders\Modulo_1\Aula06\images\pedra.jpg --> quecoimpressoes.medianewsonline.com /quecoimpressoes.medianewsonline.com/images pedra.jpg
2020.08.10 01:23 B C:\Users\Glaucio\Desktop\Santader_Coders\Modulo_1\Aula06\images\PredioNasa.jpg --> quecoimpressoes.medianewsonline.com /quecoimpressoes.medianewsonline.com/images PredioNasa.jpg
2020.08.10 01:23 B C:\Users\Glaucio\Desktop\Santader_Coders\Modulo_1\Aula06\images\pspbrwse.jbf --> quecoimpressoes.medianewsonline.com /quecoimpressoes.medianewsonline.com/images pspbrwse.jbf
2020.08.10 01:23 B C:\Users\Glaucio\Desktop\Santader_Coders\Modulo_1\Aula06\images\Saturno.jpg --> quecoimpressoes.medianewsonline.com /quecoimpressoes.medianewsonline.com/images Saturno.jpg
2020.08.10 01:23 B C:\Users\Glaucio\Desktop\Santader_Coders\Modulo_1\Aula06\images\Saturnologo.jpg --> quecoimpressoes.medianewsonline.com /quecoimpressoes.medianewsonline.com/images Saturnologo.jpg
2020.08.10 01:24 B C:\Users\Glaucio\Desktop\Santader_Coders\Modulo_1\Aula06\images\visitante.jpg --> quecoimpressoes.medianewsonline.com /quecoimpressoes.medianewsonline.com/images visitante.jpg
